<?xml version="1.0" encoding="UTF-8"?>
<coverage generated="1596827427154" clover="3.2.0">
  <project timestamp="1596827427155" name="All files">
    <metrics statements="24" coveredstatements="6" conditionals="4" coveredconditionals="2" methods="6" coveredmethods="1" elements="34" coveredelements="9" complexity="0" loc="24" ncloc="24" packages="1" files="2" classes="2"/>
    <file name="formHandler.js" path="C:\Users\happy\VScode-workspace\Udacity\FrontEndDev\Project4\evaluate-news-nlp\src\client\js\formHandler.js">
      <metrics statements="20" coveredstatements="2" conditionals="2" coveredconditionals="0" methods="5" coveredmethods="0"/>
      <line num="1" count="1" type="stmt"/>
      <line num="2" count="0" type="stmt"/>
      <line num="3" count="0" type="stmt"/>
      <line num="4" count="0" type="stmt"/>
      <line num="5" count="0" type="stmt"/>
      <line num="6" count="0" type="stmt"/>
      <line num="9" count="1" type="stmt"/>
      <line num="10" count="0" type="stmt"/>
      <line num="11" count="0" type="stmt"/>
      <line num="12" count="0" type="stmt"/>
      <line num="13" count="0" type="stmt"/>
      <line num="14" count="0" type="stmt"/>
      <line num="18" count="0" type="stmt"/>
      <line num="19" count="0" type="stmt"/>
      <line num="22" count="0" type="stmt"/>
      <line num="23" count="0" type="cond" truecount="0" falsecount="2"/>
      <line num="26" count="0" type="stmt"/>
      <line num="35" count="0" type="stmt"/>
      <line num="37" count="0" type="stmt"/>
      <line num="40" count="0" type="stmt"/>
    </file>
    <file name="urlChecker.js" path="C:\Users\happy\VScode-workspace\Udacity\FrontEndDev\Project4\evaluate-news-nlp\src\client\js\urlChecker.js">
      <metrics statements="4" coveredstatements="4" conditionals="2" coveredconditionals="2" methods="1" coveredmethods="1"/>
      <line num="2" count="3" type="stmt"/>
      <line num="3" count="3" type="cond" truecount="2" falsecount="0"/>
      <line num="4" count="1" type="stmt"/>
      <line num="6" count="2" type="stmt"/>
    </file>
  </project>
</coverage>
