{"C:\\Users\\happy\\VScode-workspace\\Udacity\\FrontEndDev\\Project4\\evaluate-news-nlp\\src\\client\\js\\formHandler.js": {"path":"C:\\Users\\happy\\VScode-workspace\\Udacity\\FrontEndDev\\Project4\\evaluate-news-nlp\\src\\client\\js\\formHandler.js","statementMap":{"0":{"start":{"line":1,"column":17},"end":{"line":7,"column":1}},"1":{"start":{"line":2,"column":4},"end":{"line":2,"column":75}},"2":{"start":{"line":3,"column":4},"end":{"line":3,"column":83}},"3":{"start":{"line":4,"column":4},"end":{"line":4,"column":92}},"4":{"start":{"line":5,"column":4},"end":{"line":5,"column":86}},"5":{"start":{"line":6,"column":4},"end":{"line":6,"column":71}},"6":{"start":{"line":9,"column":16},"end":{"line":15,"column":1}},"7":{"start":{"line":10,"column":4},"end":{"line":10,"column":51}},"8":{"start":{"line":11,"column":4},"end":{"line":11,"column":55}},"9":{"start":{"line":12,"column":4},"end":{"line":12,"column":58}},"10":{"start":{"line":13,"column":4},"end":{"line":13,"column":56}},"11":{"start":{"line":14,"column":4},"end":{"line":14,"column":51}},"12":{"start":{"line":18,"column":4},"end":{"line":18,"column":26}},"13":{"start":{"line":19,"column":4},"end":{"line":19,"column":14}},"14":{"start":{"line":22,"column":19},"end":{"line":22,"column":56}},"15":{"start":{"line":23,"column":4},"end":{"line":41,"column":5}},"16":{"start":{"line":26,"column":8},"end":{"line":38,"column":10}},"17":{"start":{"line":35,"column":21},"end":{"line":35,"column":31}},"18":{"start":{"line":37,"column":12},"end":{"line":37,"column":26}},"19":{"start":{"line":40,"column":8},"end":{"line":40,"column":42}}},"fnMap":{"0":{"name":"(anonymous_0)","decl":{"start":{"line":1,"column":17},"end":{"line":1,"column":18}},"loc":{"start":{"line":1,"column":27},"end":{"line":7,"column":1}},"line":1},"1":{"name":"(anonymous_1)","decl":{"start":{"line":9,"column":16},"end":{"line":9,"column":17}},"loc":{"start":{"line":9,"column":22},"end":{"line":15,"column":1}},"line":9},"2":{"name":"handleSubmit","decl":{"start":{"line":17,"column":9},"end":{"line":17,"column":21}},"loc":{"start":{"line":17,"column":29},"end":{"line":42,"column":1}},"line":17},"3":{"name":"(anonymous_3)","decl":{"start":{"line":35,"column":14},"end":{"line":35,"column":15}},"loc":{"start":{"line":35,"column":21},"end":{"line":35,"column":31}},"line":35},"4":{"name":"(anonymous_4)","decl":{"start":{"line":36,"column":14},"end":{"line":36,"column":15}},"loc":{"start":{"line":36,"column":23},"end":{"line":38,"column":9}},"line":36}},"branchMap":{"0":{"loc":{"start":{"line":23,"column":4},"end":{"line":41,"column":5}},"type":"if","locations":[{"start":{"line":23,"column":4},"end":{"line":41,"column":5}},{"start":{"line":23,"column":4},"end":{"line":41,"column":5}}],"line":23}},"s":{"0":1,"1":0,"2":0,"3":0,"4":0,"5":0,"6":1,"7":0,"8":0,"9":0,"10":0,"11":0,"12":0,"13":0,"14":0,"15":0,"16":0,"17":0,"18":0,"19":0},"f":{"0":0,"1":0,"2":0,"3":0,"4":0},"b":{"0":[0,0]},"_coverageSchema":"1a1c01bbd47fc00a2c39e90264f33305004495a9","hash":"a93e192a4ec3be5fc6787946d9f71dbdfdb31342"}
,"C:\\Users\\happy\\VScode-workspace\\Udacity\\FrontEndDev\\Project4\\evaluate-news-nlp\\src\\client\\js\\urlChecker.js": {"path":"C:\\Users\\happy\\VScode-workspace\\Udacity\\FrontEndDev\\Project4\\evaluate-news-nlp\\src\\client\\js\\urlChecker.js","statementMap":{"0":{"start":{"line":2,"column":4},"end":{"line":2,"column":58}},"1":{"start":{"line":3,"column":4},"end":{"line":7,"column":5}},"2":{"start":{"line":4,"column":8},"end":{"line":4,"column":20}},"3":{"start":{"line":6,"column":8},"end":{"line":6,"column":21}}},"fnMap":{"0":{"name":"checkUrl","decl":{"start":{"line":1,"column":9},"end":{"line":1,"column":17}},"loc":{"start":{"line":1,"column":29},"end":{"line":8,"column":1}},"line":1}},"branchMap":{"0":{"loc":{"start":{"line":3,"column":4},"end":{"line":7,"column":5}},"type":"if","locations":[{"start":{"line":3,"column":4},"end":{"line":7,"column":5}},{"start":{"line":3,"column":4},"end":{"line":7,"column":5}}],"line":3}},"s":{"0":3,"1":3,"2":1,"3":2},"f":{"0":3},"b":{"0":[1,2]},"_coverageSchema":"1a1c01bbd47fc00a2c39e90264f33305004495a9","hash":"38e0a87fe6db82d6fa75de3077bc115fb127152a"}
}
