TN:
SF:src\client\js\formHandler.js
FN:1,(anonymous_0)
FN:9,(anonymous_1)
FN:17,handleSubmit
FN:35,(anonymous_3)
FN:36,(anonymous_4)
FNF:5
FNH:0
FNDA:0,(anonymous_0)
FNDA:0,(anonymous_1)
FNDA:0,handleSubmit
FNDA:0,(anonymous_3)
FNDA:0,(anonymous_4)
DA:1,1
DA:2,0
DA:3,0
DA:4,0
DA:5,0
DA:6,0
DA:9,1
DA:10,0
DA:11,0
DA:12,0
DA:13,0
DA:14,0
DA:18,0
DA:19,0
DA:22,0
DA:23,0
DA:26,0
DA:35,0
DA:37,0
DA:40,0
LF:20
LH:2
BRDA:23,0,0,0
BRDA:23,0,1,0
BRF:2
BRH:0
end_of_record
TN:
SF:src\client\js\urlChecker.js
FN:1,checkUrl
FNF:1
FNH:1
FNDA:3,checkUrl
DA:2,3
DA:3,3
DA:4,1
DA:6,2
LF:4
LH:4
BRDA:3,0,0,1
BRDA:3,0,1,2
BRF:2
BRH:2
end_of_record
